<?xml version="1.0" encoding="UTF-8"?>
<testng-results ignored="0" total="1" passed="1" failed="0" skipped="0">
  <reporter-output>
  </reporter-output>
  <suite started-at="2023-08-25T11:00:34 IST" name="RunSuite" finished-at="2023-08-25T11:06:51 IST" duration-ms="376423">
    <groups>
    </groups>
    <test started-at="2023-08-25T11:00:34 IST" name="Test" finished-at="2023-08-25T11:06:51 IST" duration-ms="376423">
      <class name="com.Test.AllServicesTest_003">
        <test-method is-config="true" signature="BS()[pri:0, instance:com.Test.AllServicesTest_003@636e8cc]" started-at="2023-08-25T11:00:34 IST" name="BS" finished-at="2023-08-25T11:00:34 IST" duration-ms="24" status="PASS">
          <reporter-output>
          </reporter-output>
        </test-method> <!-- BS -->
        <test-method is-config="true" signature="Appium()[pri:0, instance:com.Test.AllServicesTest_003@636e8cc]" started-at="2023-08-25T11:00:34 IST" name="Appium" finished-at="2023-08-25T11:01:07 IST" duration-ms="33120" status="PASS">
          <reporter-output>
          </reporter-output>
        </test-method> <!-- Appium -->
        <test-method signature="Verify_AllServiceModules()[pri:1, instance:com.Test.AllServicesTest_003@636e8cc]" started-at="2023-08-25T11:01:07 IST" name="Verify_AllServiceModules" finished-at="2023-08-25T11:06:48 IST" duration-ms="340203" status="PASS">
          <reporter-output>
          </reporter-output>
        </test-method> <!-- Verify_AllServiceModules -->
        <test-method is-config="true" signature="tearDown()[pri:0, instance:com.Test.AllServicesTest_003@636e8cc]" started-at="2023-08-25T11:06:49 IST" name="tearDown" finished-at="2023-08-25T11:06:51 IST" duration-ms="1473" status="PASS">
          <reporter-output>
          </reporter-output>
        </test-method> <!-- tearDown -->
      </class> <!-- com.Test.AllServicesTest_003 -->
    </test> <!-- Test -->
  </suite> <!-- RunSuite -->
</testng-results>
